[24-Mar-2025 04:48:13 UTC] Invalid token
[24-Mar-2025 04:48:13 UTC] Invalid token
[24-Mar-2025 04:48:21 UTC] Authenticated user ID: 3
[24-Mar-2025 04:48:21 UTC] Found 0 listings for user
[24-Mar-2025 04:48:21 UTC] Authenticated user ID: 3
[24-Mar-2025 04:48:21 UTC] Found 0 listings for user
[24-Mar-2025 04:48:21 UTC] Authenticated user ID: 3
[24-Mar-2025 04:48:21 UTC] Found 0 listings for user
[24-Mar-2025 04:48:21 UTC] Authenticated user ID: 3
[24-Mar-2025 04:48:21 UTC] Found 0 listings for user
[24-Mar-2025 04:50:05 UTC] Authenticated user ID: 3
[24-Mar-2025 04:50:05 UTC] Found 0 listings for user
[24-Mar-2025 04:50:05 UTC] Authenticated user ID: 3
[24-Mar-2025 04:50:05 UTC] Found 0 listings for user
[24-Mar-2025 04:50:19 UTC] Authenticated user ID: 3
[24-Mar-2025 04:50:19 UTC] Found 0 listings for user
[24-Mar-2025 04:50:19 UTC] Authenticated user ID: 3
[24-Mar-2025 04:50:19 UTC] Found 0 listings for user
[24-Mar-2025 04:50:21 UTC] Authenticated user ID: 3
[24-Mar-2025 04:50:21 UTC] Found 0 listings for user
[24-Mar-2025 04:50:21 UTC] Authenticated user ID: 3
[24-Mar-2025 04:50:21 UTC] Found 0 listings for user
[24-Mar-2025 04:50:21 UTC] Authenticated user ID: 3
[24-Mar-2025 04:50:21 UTC] Found 0 listings for user
[24-Mar-2025 04:50:21 UTC] Authenticated user ID: 3
[24-Mar-2025 04:50:21 UTC] Found 0 listings for user
[24-Mar-2025 04:50:24 UTC] Authenticated user ID: 3
[24-Mar-2025 04:50:24 UTC] Found 0 listings for user
[24-Mar-2025 04:50:24 UTC] Authenticated user ID: 3
[24-Mar-2025 04:50:24 UTC] Found 0 listings for user
[24-Mar-2025 04:53:24 UTC] Authenticated user ID: 3
[24-Mar-2025 04:53:24 UTC] Found 0 listings for user
[24-Mar-2025 04:53:24 UTC] Authenticated user ID: 3
[24-Mar-2025 04:53:24 UTC] Found 0 listings for user
[24-Mar-2025 04:54:01 UTC] Authenticated user ID: 3
[24-Mar-2025 04:54:01 UTC] Found 0 listings for user
[24-Mar-2025 04:54:01 UTC] Authenticated user ID: 3
[24-Mar-2025 04:54:01 UTC] Found 0 listings for user
[24-Mar-2025 04:54:15 UTC] Authenticated user ID: 4
[24-Mar-2025 04:54:15 UTC] Found 1 listings for user
[24-Mar-2025 04:54:15 UTC] Authenticated user ID: 4
[24-Mar-2025 04:54:15 UTC] Found 1 listings for user
[24-Mar-2025 04:54:29 UTC] Authenticated user ID: 4
[24-Mar-2025 04:54:29 UTC] Found 1 listings for user
[24-Mar-2025 04:54:29 UTC] Authenticated user ID: 4
[24-Mar-2025 04:54:29 UTC] Found 1 listings for user
[24-Mar-2025 04:54:30 UTC] Authenticated user ID: 4
[24-Mar-2025 04:54:30 UTC] Found 1 listings for user
[24-Mar-2025 04:54:30 UTC] Authenticated user ID: 4
[24-Mar-2025 04:54:30 UTC] Found 1 listings for user
[24-Mar-2025 04:54:31 UTC] Authenticated user ID: 4
[24-Mar-2025 04:54:31 UTC] Found 1 listings for user
[24-Mar-2025 04:54:31 UTC] Authenticated user ID: 4
[24-Mar-2025 04:54:31 UTC] Found 1 listings for user
[24-Mar-2025 04:54:41 UTC] Invalid token
[24-Mar-2025 04:54:41 UTC] Invalid token
[24-Mar-2025 04:56:05 UTC] Received POST request
[24-Mar-2025 04:56:05 UTC] POST data: Array
(
    [title] => cards 
    [price] => 20
    [description] => these are playing cards
)

[24-Mar-2025 04:56:05 UTC] FILES data: Array
(
    [images] => Array
        (
            [name] => Array
                (
                    [0] => playingCards.jpeg
                    [1] => playingcards2.jpg
                    [2] => playingcards3.jpg
                )

            [full_path] => Array
                (
                    [0] => playingCards.jpeg
                    [1] => playingcards2.jpg
                    [2] => playingcards3.jpg
                )

            [type] => Array
                (
                    [0] => image/jpeg
                    [1] => image/jpeg
                    [2] => image/jpeg
                )

            [tmp_name] => Array
                (
                    [0] => /private/var/folders/bd/g0y_ty556dbc8kxvpc5f7_gc0000gn/T/phpsr1rnp4vtdus4kayBD0
                    [1] => /private/var/folders/bd/g0y_ty556dbc8kxvpc5f7_gc0000gn/T/phpsf686ahl8i7i4oGmFk8
                    [2] => /private/var/folders/bd/g0y_ty556dbc8kxvpc5f7_gc0000gn/T/phpdurhipub3ske6ebpCJG
                )

            [error] => Array
                (
                    [0] => 0
                    [1] => 0
                    [2] => 0
                )

            [size] => Array
                (
                    [0] => 13306
                    [1] => 38507
                    [2] => 263206
                )

        )

)

[24-Mar-2025 04:56:05 UTC] Database file exists at: /Users/henryarinaga/project2/marketplace/sql/marketplace.db
[24-Mar-2025 04:56:05 UTC] Using listerID: 5
[24-Mar-2025 04:56:05 UTC] Form data received - Title: cards , Price: 20, Description: these are playing cards...
[24-Mar-2025 04:56:05 UTC] Preparing SQL: INSERT INTO listing (listerID, title, description, price, sold) VALUES (:listerID, :title, :description, :price, 0)
[24-Mar-2025 04:56:05 UTC] Created listing with ID: 5
[24-Mar-2025 04:56:05 UTC] Moving uploaded file to: ../img/listings/67e0e5e524cdd.jpeg
[24-Mar-2025 04:56:05 UTC] Successfully saved image: 67e0e5e524cdd.jpeg
[24-Mar-2025 04:56:05 UTC] Moving uploaded file to: ../img/listings/67e0e5e525295.jpg
[24-Mar-2025 04:56:05 UTC] Successfully saved image: 67e0e5e525295.jpg
[24-Mar-2025 04:56:05 UTC] Moving uploaded file to: ../img/listings/67e0e5e525662.jpg
[24-Mar-2025 04:56:05 UTC] Successfully saved image: 67e0e5e525662.jpg
[24-Mar-2025 04:56:05 UTC] Successfully created listing with 3 images
[24-Mar-2025 04:56:07 UTC] Authenticated user ID: 5
[24-Mar-2025 04:56:07 UTC] Found 1 listings for user
[24-Mar-2025 04:56:07 UTC] Authenticated user ID: 5
[24-Mar-2025 04:56:07 UTC] Found 1 listings for user
[24-Mar-2025 04:57:50 UTC] Authenticated user ID: 5
[24-Mar-2025 04:57:50 UTC] Found 1 listings for user
[24-Mar-2025 04:57:50 UTC] Authenticated user ID: 5
[24-Mar-2025 04:57:50 UTC] Found 1 listings for user
[24-Mar-2025 04:57:57 UTC] Authenticated user ID: 5
[24-Mar-2025 04:57:57 UTC] Found 1 listings for user
[24-Mar-2025 04:57:57 UTC] Authenticated user ID: 5
[24-Mar-2025 04:57:57 UTC] Found 1 listings for user
[24-Mar-2025 04:57:57 UTC] Authenticated user ID: 5
[24-Mar-2025 04:57:57 UTC] Found 1 listings for user
[24-Mar-2025 04:57:57 UTC] Authenticated user ID: 5
[24-Mar-2025 04:57:57 UTC] Found 1 listings for user
[24-Mar-2025 04:58:07 UTC] Authenticated user ID: 5
[24-Mar-2025 04:58:07 UTC] Found 1 listings for user
[24-Mar-2025 04:58:07 UTC] Authenticated user ID: 5
[24-Mar-2025 04:58:07 UTC] Found 1 listings for user
[24-Mar-2025 04:58:08 UTC] Authenticated user ID: 5
[24-Mar-2025 04:58:08 UTC] Found 1 listings for user
[24-Mar-2025 04:58:08 UTC] Authenticated user ID: 5
[24-Mar-2025 04:58:08 UTC] Found 1 listings for user
[24-Mar-2025 04:58:17 UTC] Authenticated user ID: 5
[24-Mar-2025 04:58:17 UTC] Found 1 listings for user
[24-Mar-2025 04:58:17 UTC] Authenticated user ID: 5
[24-Mar-2025 04:58:17 UTC] Found 1 listings for user
[24-Mar-2025 04:58:18 UTC] Authenticated user ID: 5
[24-Mar-2025 04:58:18 UTC] Found 1 listings for user
[24-Mar-2025 04:58:18 UTC] Authenticated user ID: 5
[24-Mar-2025 04:58:18 UTC] Found 1 listings for user
[24-Mar-2025 04:58:27 UTC] Authenticated user ID: 5
[24-Mar-2025 04:58:27 UTC] Found 1 listings for user
[24-Mar-2025 04:58:27 UTC] Authenticated user ID: 5
[24-Mar-2025 04:58:27 UTC] Found 1 listings for user
[24-Mar-2025 04:58:28 UTC] Authenticated user ID: 5
[24-Mar-2025 04:58:28 UTC] Found 1 listings for user
[24-Mar-2025 04:58:28 UTC] Authenticated user ID: 5
[24-Mar-2025 04:58:28 UTC] Found 1 listings for user
[24-Mar-2025 04:58:37 UTC] Authenticated user ID: 5
[24-Mar-2025 04:58:37 UTC] Found 1 listings for user
[24-Mar-2025 04:58:37 UTC] Authenticated user ID: 5
[24-Mar-2025 04:58:37 UTC] Found 1 listings for user
[24-Mar-2025 04:58:38 UTC] Authenticated user ID: 5
[24-Mar-2025 04:58:38 UTC] Found 1 listings for user
[24-Mar-2025 04:58:38 UTC] Authenticated user ID: 5
[24-Mar-2025 04:58:38 UTC] Found 1 listings for user
[24-Mar-2025 04:58:47 UTC] Authenticated user ID: 5
[24-Mar-2025 04:58:47 UTC] Found 1 listings for user
[24-Mar-2025 04:58:47 UTC] Authenticated user ID: 5
[24-Mar-2025 04:58:47 UTC] Found 1 listings for user
[24-Mar-2025 04:58:48 UTC] Authenticated user ID: 5
[24-Mar-2025 04:58:48 UTC] Found 1 listings for user
[24-Mar-2025 04:58:48 UTC] Authenticated user ID: 5
[24-Mar-2025 04:58:48 UTC] Found 1 listings for user
[24-Mar-2025 04:58:50 UTC] Authenticated user ID: 5
[24-Mar-2025 04:58:50 UTC] Found 1 listings for user
[24-Mar-2025 04:58:57 UTC] Authenticated user ID: 5
[24-Mar-2025 04:58:57 UTC] Found 1 listings for user
[24-Mar-2025 04:58:57 UTC] Authenticated user ID: 5
[24-Mar-2025 04:58:57 UTC] Found 1 listings for user
[24-Mar-2025 04:59:00 UTC] Authenticated user ID: 5
[24-Mar-2025 04:59:00 UTC] Found 1 listings for user
[24-Mar-2025 04:59:00 UTC] Authenticated user ID: 5
[24-Mar-2025 04:59:00 UTC] Found 1 listings for user
[24-Mar-2025 05:00:00 UTC] Authenticated user ID: 5
[24-Mar-2025 05:00:00 UTC] Found 1 listings for user
[24-Mar-2025 05:00:00 UTC] Authenticated user ID: 5
[24-Mar-2025 05:00:00 UTC] Found 1 listings for user
[24-Mar-2025 05:00:11 UTC] Authenticated user ID: 5
[24-Mar-2025 05:00:11 UTC] Found 1 listings for user
[24-Mar-2025 05:00:11 UTC] Authenticated user ID: 5
[24-Mar-2025 05:00:11 UTC] Found 1 listings for user
[24-Mar-2025 05:00:11 UTC] Authenticated user ID: 5
[24-Mar-2025 05:00:11 UTC] Found 1 listings for user
[24-Mar-2025 05:00:11 UTC] Authenticated user ID: 5
[24-Mar-2025 05:00:11 UTC] Found 1 listings for user
[24-Mar-2025 05:00:17 UTC] Authenticated user ID: 5
[24-Mar-2025 05:00:17 UTC] Found 1 listings for user
[24-Mar-2025 05:00:17 UTC] Authenticated user ID: 5
[24-Mar-2025 05:00:17 UTC] Found 1 listings for user
[24-Mar-2025 05:00:17 UTC] Authenticated user ID: 5
[24-Mar-2025 05:00:17 UTC] Found 1 listings for user
[24-Mar-2025 05:00:17 UTC] Authenticated user ID: 5
[24-Mar-2025 05:00:17 UTC] Found 1 listings for user
[24-Mar-2025 05:00:27 UTC] Authenticated user ID: 5
[24-Mar-2025 05:00:27 UTC] Found 1 listings for user
[24-Mar-2025 05:00:27 UTC] Authenticated user ID: 5
[24-Mar-2025 05:00:27 UTC] Found 1 listings for user
[24-Mar-2025 05:00:27 UTC] Authenticated user ID: 5
[24-Mar-2025 05:00:27 UTC] Found 1 listings for user
[24-Mar-2025 05:00:27 UTC] Authenticated user ID: 5
[24-Mar-2025 05:00:27 UTC] Found 1 listings for user
[24-Mar-2025 05:00:37 UTC] Authenticated user ID: 5
[24-Mar-2025 05:00:37 UTC] Found 1 listings for user
[24-Mar-2025 05:00:37 UTC] Authenticated user ID: 5
[24-Mar-2025 05:00:37 UTC] Found 1 listings for user
[24-Mar-2025 05:00:38 UTC] Authenticated user ID: 5
[24-Mar-2025 05:00:38 UTC] Found 1 listings for user
[24-Mar-2025 05:00:38 UTC] Authenticated user ID: 5
[24-Mar-2025 05:00:38 UTC] Found 1 listings for user
[24-Mar-2025 05:00:47 UTC] Authenticated user ID: 5
[24-Mar-2025 05:00:47 UTC] Found 1 listings for user
[24-Mar-2025 05:00:47 UTC] Authenticated user ID: 5
[24-Mar-2025 05:00:47 UTC] Found 1 listings for user
[24-Mar-2025 05:00:48 UTC] Authenticated user ID: 5
[24-Mar-2025 05:00:48 UTC] Found 1 listings for user
[24-Mar-2025 05:00:48 UTC] Authenticated user ID: 5
[24-Mar-2025 05:00:48 UTC] Found 1 listings for user
[24-Mar-2025 05:00:57 UTC] Authenticated user ID: 5
[24-Mar-2025 05:00:57 UTC] Found 1 listings for user
[24-Mar-2025 05:00:57 UTC] Authenticated user ID: 5
[24-Mar-2025 05:00:57 UTC] Found 1 listings for user
[24-Mar-2025 05:00:58 UTC] Authenticated user ID: 5
[24-Mar-2025 05:00:58 UTC] Found 1 listings for user
[24-Mar-2025 05:00:58 UTC] Authenticated user ID: 5
[24-Mar-2025 05:00:58 UTC] Found 1 listings for user
[24-Mar-2025 05:01:07 UTC] Authenticated user ID: 5
[24-Mar-2025 05:01:07 UTC] Found 1 listings for user
[24-Mar-2025 05:01:07 UTC] Authenticated user ID: 5
[24-Mar-2025 05:01:07 UTC] Found 1 listings for user
[24-Mar-2025 05:01:08 UTC] Authenticated user ID: 5
[24-Mar-2025 05:01:08 UTC] Found 1 listings for user
[24-Mar-2025 05:01:08 UTC] Authenticated user ID: 5
[24-Mar-2025 05:01:08 UTC] Found 1 listings for user
[24-Mar-2025 05:01:17 UTC] Authenticated user ID: 5
[24-Mar-2025 05:01:17 UTC] Found 1 listings for user
[24-Mar-2025 05:01:17 UTC] Authenticated user ID: 5
[24-Mar-2025 05:01:17 UTC] Found 1 listings for user
[24-Mar-2025 05:01:18 UTC] Authenticated user ID: 5
[24-Mar-2025 05:01:18 UTC] Found 1 listings for user
[24-Mar-2025 05:01:18 UTC] Authenticated user ID: 5
[24-Mar-2025 05:01:18 UTC] Found 1 listings for user
[24-Mar-2025 05:01:27 UTC] Authenticated user ID: 5
[24-Mar-2025 05:01:27 UTC] Found 1 listings for user
[24-Mar-2025 05:01:27 UTC] Authenticated user ID: 5
[24-Mar-2025 05:01:27 UTC] Found 1 listings for user
[24-Mar-2025 05:01:28 UTC] Authenticated user ID: 5
[24-Mar-2025 05:01:28 UTC] Found 1 listings for user
[24-Mar-2025 05:01:28 UTC] Authenticated user ID: 5
[24-Mar-2025 05:01:28 UTC] Found 1 listings for user
[24-Mar-2025 05:02:00 UTC] Authenticated user ID: 5
[24-Mar-2025 05:02:00 UTC] Found 1 listings for user
[24-Mar-2025 05:02:00 UTC] Authenticated user ID: 5
[24-Mar-2025 05:02:00 UTC] Found 1 listings for user
[24-Mar-2025 05:02:15 UTC] Authenticated user ID: 5
[24-Mar-2025 05:02:15 UTC] Found 1 listings for user
[24-Mar-2025 05:02:15 UTC] Authenticated user ID: 5
[24-Mar-2025 05:02:15 UTC] Found 1 listings for user
[24-Mar-2025 05:02:15 UTC] Authenticated user ID: 5
[24-Mar-2025 05:02:15 UTC] Found 1 listings for user
[24-Mar-2025 05:02:15 UTC] Authenticated user ID: 5
[24-Mar-2025 05:02:15 UTC] Found 1 listings for user
[24-Mar-2025 05:02:17 UTC] Authenticated user ID: 5
[24-Mar-2025 05:02:17 UTC] Found 1 listings for user
[24-Mar-2025 05:02:17 UTC] Authenticated user ID: 5
[24-Mar-2025 05:02:17 UTC] Found 1 listings for user
[24-Mar-2025 05:02:17 UTC] Authenticated user ID: 5
[24-Mar-2025 05:02:17 UTC] Found 1 listings for user
[24-Mar-2025 05:02:17 UTC] Authenticated user ID: 5
[24-Mar-2025 05:02:17 UTC] Found 1 listings for user
[24-Mar-2025 05:02:27 UTC] Authenticated user ID: 5
[24-Mar-2025 05:02:27 UTC] Found 1 listings for user
[24-Mar-2025 05:02:27 UTC] Authenticated user ID: 5
[24-Mar-2025 05:02:27 UTC] Found 1 listings for user
[24-Mar-2025 05:02:27 UTC] Authenticated user ID: 5
[24-Mar-2025 05:02:27 UTC] Found 1 listings for user
[24-Mar-2025 05:02:27 UTC] Authenticated user ID: 5
[24-Mar-2025 05:02:27 UTC] Found 1 listings for user
[24-Mar-2025 05:02:37 UTC] Authenticated user ID: 5
[24-Mar-2025 05:02:37 UTC] Found 1 listings for user
[24-Mar-2025 05:02:37 UTC] Authenticated user ID: 5
[24-Mar-2025 05:02:37 UTC] Found 1 listings for user
[24-Mar-2025 05:02:37 UTC] Authenticated user ID: 5
[24-Mar-2025 05:02:37 UTC] Found 1 listings for user
[24-Mar-2025 05:02:37 UTC] Authenticated user ID: 5
[24-Mar-2025 05:02:37 UTC] Found 1 listings for user
[24-Mar-2025 05:02:47 UTC] Authenticated user ID: 5
[24-Mar-2025 05:02:47 UTC] Found 1 listings for user
[24-Mar-2025 05:02:47 UTC] Authenticated user ID: 5
[24-Mar-2025 05:02:47 UTC] Found 1 listings for user
[24-Mar-2025 05:02:47 UTC] Authenticated user ID: 5
[24-Mar-2025 05:02:47 UTC] Found 1 listings for user
[24-Mar-2025 05:02:47 UTC] Authenticated user ID: 5
[24-Mar-2025 05:02:47 UTC] Found 1 listings for user
[24-Mar-2025 05:02:57 UTC] Authenticated user ID: 5
[24-Mar-2025 05:02:57 UTC] Found 1 listings for user
[24-Mar-2025 05:02:57 UTC] Authenticated user ID: 5
[24-Mar-2025 05:02:57 UTC] Found 1 listings for user
[24-Mar-2025 05:02:57 UTC] Authenticated user ID: 5
[24-Mar-2025 05:02:57 UTC] Found 1 listings for user
[24-Mar-2025 05:02:57 UTC] Authenticated user ID: 5
[24-Mar-2025 05:02:57 UTC] Found 1 listings for user
[24-Mar-2025 05:03:07 UTC] Authenticated user ID: 5
[24-Mar-2025 05:03:07 UTC] Found 1 listings for user
[24-Mar-2025 05:03:07 UTC] Authenticated user ID: 5
[24-Mar-2025 05:03:07 UTC] Found 1 listings for user
[24-Mar-2025 05:03:07 UTC] Authenticated user ID: 5
[24-Mar-2025 05:03:07 UTC] Found 1 listings for user
[24-Mar-2025 05:03:07 UTC] Authenticated user ID: 5
[24-Mar-2025 05:03:07 UTC] Found 1 listings for user
[24-Mar-2025 05:03:17 UTC] Authenticated user ID: 5
[24-Mar-2025 05:03:17 UTC] Found 1 listings for user
[24-Mar-2025 05:03:17 UTC] Authenticated user ID: 5
[24-Mar-2025 05:03:17 UTC] Found 1 listings for user
[24-Mar-2025 05:03:17 UTC] Authenticated user ID: 5
[24-Mar-2025 05:03:17 UTC] Found 1 listings for user
[24-Mar-2025 05:03:17 UTC] Authenticated user ID: 5
[24-Mar-2025 05:03:17 UTC] Found 1 listings for user
[24-Mar-2025 05:03:27 UTC] Authenticated user ID: 5
[24-Mar-2025 05:03:27 UTC] Found 1 listings for user
[24-Mar-2025 05:03:27 UTC] Authenticated user ID: 5
[24-Mar-2025 05:03:27 UTC] Found 1 listings for user
[24-Mar-2025 05:03:27 UTC] Authenticated user ID: 5
[24-Mar-2025 05:03:27 UTC] Found 1 listings for user
[24-Mar-2025 05:03:27 UTC] Authenticated user ID: 5
[24-Mar-2025 05:03:27 UTC] Found 1 listings for user
[24-Mar-2025 05:03:37 UTC] Authenticated user ID: 5
[24-Mar-2025 05:03:37 UTC] Found 1 listings for user
[24-Mar-2025 05:03:37 UTC] Authenticated user ID: 5
[24-Mar-2025 05:03:37 UTC] Found 1 listings for user
[24-Mar-2025 05:03:37 UTC] Authenticated user ID: 5
[24-Mar-2025 05:03:37 UTC] Found 1 listings for user
[24-Mar-2025 05:03:37 UTC] Authenticated user ID: 5
[24-Mar-2025 05:03:37 UTC] Found 1 listings for user
[24-Mar-2025 05:03:47 UTC] Authenticated user ID: 5
[24-Mar-2025 05:03:47 UTC] Found 1 listings for user
[24-Mar-2025 05:03:47 UTC] Authenticated user ID: 5
[24-Mar-2025 05:03:47 UTC] Found 1 listings for user
[24-Mar-2025 05:03:47 UTC] Authenticated user ID: 5
[24-Mar-2025 05:03:47 UTC] Found 1 listings for user
[24-Mar-2025 05:03:47 UTC] Authenticated user ID: 5
[24-Mar-2025 05:03:47 UTC] Found 1 listings for user
[24-Mar-2025 05:03:57 UTC] Authenticated user ID: 5
[24-Mar-2025 05:03:57 UTC] Found 1 listings for user
[24-Mar-2025 05:03:57 UTC] Authenticated user ID: 5
[24-Mar-2025 05:03:57 UTC] Found 1 listings for user
[24-Mar-2025 05:03:58 UTC] Authenticated user ID: 5
[24-Mar-2025 05:03:58 UTC] Found 1 listings for user
[24-Mar-2025 05:03:58 UTC] Authenticated user ID: 5
[24-Mar-2025 05:03:58 UTC] Found 1 listings for user
[24-Mar-2025 05:04:07 UTC] Authenticated user ID: 5
[24-Mar-2025 05:04:07 UTC] Found 1 listings for user
[24-Mar-2025 05:04:07 UTC] Authenticated user ID: 5
[24-Mar-2025 05:04:07 UTC] Found 1 listings for user
[24-Mar-2025 05:04:08 UTC] Authenticated user ID: 5
[24-Mar-2025 05:04:08 UTC] Found 1 listings for user
[24-Mar-2025 05:04:08 UTC] Authenticated user ID: 5
[24-Mar-2025 05:04:08 UTC] Found 1 listings for user
[24-Mar-2025 05:04:17 UTC] Authenticated user ID: 5
[24-Mar-2025 05:04:17 UTC] Found 1 listings for user
[24-Mar-2025 05:04:17 UTC] Authenticated user ID: 5
[24-Mar-2025 05:04:17 UTC] Found 1 listings for user
[24-Mar-2025 05:04:18 UTC] Authenticated user ID: 5
[24-Mar-2025 05:04:18 UTC] Found 1 listings for user
[24-Mar-2025 05:04:18 UTC] Authenticated user ID: 5
[24-Mar-2025 05:04:18 UTC] Found 1 listings for user
[24-Mar-2025 05:04:27 UTC] Authenticated user ID: 5
[24-Mar-2025 05:04:27 UTC] Found 1 listings for user
[24-Mar-2025 05:04:27 UTC] Authenticated user ID: 5
[24-Mar-2025 05:04:27 UTC] Found 1 listings for user
[24-Mar-2025 05:04:28 UTC] Authenticated user ID: 5
[24-Mar-2025 05:04:28 UTC] Found 1 listings for user
[24-Mar-2025 05:04:28 UTC] Authenticated user ID: 5
[24-Mar-2025 05:04:28 UTC] Found 1 listings for user
[24-Mar-2025 05:04:37 UTC] Authenticated user ID: 5
[24-Mar-2025 05:04:37 UTC] Found 1 listings for user
[24-Mar-2025 05:04:37 UTC] Authenticated user ID: 5
[24-Mar-2025 05:04:37 UTC] Found 1 listings for user
[24-Mar-2025 05:04:38 UTC] Authenticated user ID: 5
[24-Mar-2025 05:04:38 UTC] Found 1 listings for user
[24-Mar-2025 05:04:38 UTC] Authenticated user ID: 5
[24-Mar-2025 05:04:38 UTC] Found 1 listings for user
[24-Mar-2025 05:04:47 UTC] Authenticated user ID: 5
[24-Mar-2025 05:04:47 UTC] Found 1 listings for user
[24-Mar-2025 05:04:47 UTC] Authenticated user ID: 5
[24-Mar-2025 05:04:47 UTC] Found 1 listings for user
[24-Mar-2025 05:04:47 UTC] Authenticated user ID: 5
[24-Mar-2025 05:04:47 UTC] Found 1 listings for user
[24-Mar-2025 05:04:47 UTC] Authenticated user ID: 5
[24-Mar-2025 05:04:47 UTC] Found 1 listings for user
[24-Mar-2025 05:04:57 UTC] Authenticated user ID: 5
[24-Mar-2025 05:04:57 UTC] Found 1 listings for user
[24-Mar-2025 05:04:57 UTC] Authenticated user ID: 5
[24-Mar-2025 05:04:57 UTC] Found 1 listings for user
[24-Mar-2025 05:04:57 UTC] Authenticated user ID: 5
[24-Mar-2025 05:04:57 UTC] Found 1 listings for user
[24-Mar-2025 05:04:57 UTC] Authenticated user ID: 5
[24-Mar-2025 05:04:57 UTC] Found 1 listings for user
[24-Mar-2025 05:05:07 UTC] Authenticated user ID: 5
[24-Mar-2025 05:05:07 UTC] Found 1 listings for user
[24-Mar-2025 05:05:07 UTC] Authenticated user ID: 5
[24-Mar-2025 05:05:07 UTC] Found 1 listings for user
[24-Mar-2025 05:05:07 UTC] Authenticated user ID: 5
[24-Mar-2025 05:05:07 UTC] Found 1 listings for user
[24-Mar-2025 05:05:07 UTC] Authenticated user ID: 5
[24-Mar-2025 05:05:07 UTC] Found 1 listings for user
[24-Mar-2025 05:05:17 UTC] Authenticated user ID: 5
[24-Mar-2025 05:05:17 UTC] Found 1 listings for user
[24-Mar-2025 05:05:17 UTC] Authenticated user ID: 5
[24-Mar-2025 05:05:17 UTC] Found 1 listings for user
[24-Mar-2025 05:05:18 UTC] Authenticated user ID: 5
[24-Mar-2025 05:05:18 UTC] Found 1 listings for user
[24-Mar-2025 05:05:18 UTC] Authenticated user ID: 5
[24-Mar-2025 05:05:18 UTC] Found 1 listings for user
[24-Mar-2025 06:33:50 UTC] Invalid token
[24-Mar-2025 06:33:50 UTC] Invalid token
[24-Mar-2025 06:34:00 UTC] Authenticated user ID: 5
[24-Mar-2025 06:34:00 UTC] Found 1 listings for user
[24-Mar-2025 06:34:00 UTC] Authenticated user ID: 5
[24-Mar-2025 06:34:00 UTC] Found 1 listings for user
[24-Mar-2025 06:37:11 UTC] Authenticated user ID: 5
[24-Mar-2025 06:37:11 UTC] Found 1 listings for user
[24-Mar-2025 06:37:11 UTC] Authenticated user ID: 5
[24-Mar-2025 06:37:11 UTC] Found 1 listings for user
[24-Mar-2025 06:37:16 UTC] Authenticated user ID: 5
[24-Mar-2025 06:37:16 UTC] Found 1 listings for user
[24-Mar-2025 06:37:16 UTC] Authenticated user ID: 5
[24-Mar-2025 06:37:16 UTC] Found 1 listings for user
[24-Mar-2025 06:37:17 UTC] Authenticated user ID: 5
[24-Mar-2025 06:37:17 UTC] Found 1 listings for user
[24-Mar-2025 06:37:17 UTC] Authenticated user ID: 5
[24-Mar-2025 06:37:17 UTC] Found 1 listings for user
[24-Mar-2025 06:37:18 UTC] Authenticated user ID: 5
[24-Mar-2025 06:37:18 UTC] Found 1 listings for user
[24-Mar-2025 06:37:18 UTC] Authenticated user ID: 5
[24-Mar-2025 06:37:18 UTC] Found 1 listings for user
[24-Mar-2025 06:37:20 UTC] Authenticated user ID: 5
[24-Mar-2025 06:37:20 UTC] Found 1 listings for user
[24-Mar-2025 06:37:20 UTC] Authenticated user ID: 5
[24-Mar-2025 06:37:20 UTC] Found 1 listings for user
[24-Mar-2025 06:37:25 UTC] Authenticated user ID: 5
[24-Mar-2025 06:37:25 UTC] Found 1 listings for user
[24-Mar-2025 06:37:25 UTC] Authenticated user ID: 5
[24-Mar-2025 06:37:25 UTC] Found 1 listings for user
[24-Mar-2025 06:37:47 UTC] Received POST request
[24-Mar-2025 06:37:47 UTC] POST data: Array
(
    [title] => bikes
    [price] => 350
    [description] => these bikes are great
)

[24-Mar-2025 06:37:47 UTC] FILES data: Array
(
    [images] => Array
        (
            [name] => Array
                (
                    [0] => bike1.jpeg
                    [1] => bike2 .jpg
                    [2] => bike3.jpg
                )

            [full_path] => Array
                (
                    [0] => bike1.jpeg
                    [1] => bike2 .jpg
                    [2] => bike3.jpg
                )

            [type] => Array
                (
                    [0] => image/jpeg
                    [1] => image/jpeg
                    [2] => image/jpeg
                )

            [tmp_name] => Array
                (
                    [0] => /private/var/folders/bd/g0y_ty556dbc8kxvpc5f7_gc0000gn/T/php4ik5m3da81fmbYB6u8Q
                    [1] => /private/var/folders/bd/g0y_ty556dbc8kxvpc5f7_gc0000gn/T/phpb6s166ik1ervdOezT9R
                    [2] => /private/var/folders/bd/g0y_ty556dbc8kxvpc5f7_gc0000gn/T/php2mcin2b0anfc57t1i2Z
                )

            [error] => Array
                (
                    [0] => 0
                    [1] => 0
                    [2] => 0
                )

            [size] => Array
                (
                    [0] => 582904
                    [1] => 103966
                    [2] => 152118
                )

        )

)

[24-Mar-2025 06:37:47 UTC] Database file exists at: /Users/henryarinaga/project2/marketplace/sql/marketplace.db
[24-Mar-2025 06:37:47 UTC] Using listerID: 5
[24-Mar-2025 06:37:47 UTC] Form data received - Title: bikes, Price: 350, Description: these bikes are great...
[24-Mar-2025 06:37:47 UTC] Preparing SQL: INSERT INTO listing (listerID, title, description, price, sold) VALUES (:listerID, :title, :description, :price, 0)
[24-Mar-2025 06:37:47 UTC] Created listing with ID: 6
[24-Mar-2025 06:37:47 UTC] Moving uploaded file to: ../img/listings/67e0fdbbc307b.jpeg
[24-Mar-2025 06:37:47 UTC] Successfully saved image: 67e0fdbbc307b.jpeg
[24-Mar-2025 06:37:47 UTC] Moving uploaded file to: ../img/listings/67e0fdbbc3543.jpg
[24-Mar-2025 06:37:47 UTC] Successfully saved image: 67e0fdbbc3543.jpg
[24-Mar-2025 06:37:47 UTC] Moving uploaded file to: ../img/listings/67e0fdbbc38da.jpg
[24-Mar-2025 06:37:47 UTC] Successfully saved image: 67e0fdbbc38da.jpg
[24-Mar-2025 06:37:47 UTC] Successfully created listing with 3 images
[24-Mar-2025 06:41:19 UTC] Authenticated user ID: 5
[24-Mar-2025 06:41:19 UTC] Found 2 listings for user
[24-Mar-2025 06:41:19 UTC] Authenticated user ID: 5
[24-Mar-2025 06:41:19 UTC] Found 2 listings for user
[24-Mar-2025 06:41:24 UTC] Authenticated user ID: 5
[24-Mar-2025 06:41:24 UTC] Found 2 listings for user
[24-Mar-2025 06:41:24 UTC] Authenticated user ID: 5
[24-Mar-2025 06:41:24 UTC] Found 2 listings for user
[24-Mar-2025 06:41:25 UTC] Authenticated user ID: 5
[24-Mar-2025 06:41:25 UTC] Found 2 listings for user
[24-Mar-2025 06:41:25 UTC] Authenticated user ID: 5
[24-Mar-2025 06:41:25 UTC] Found 2 listings for user
[24-Mar-2025 06:51:23 UTC] Authenticated user ID: 5
[24-Mar-2025 06:51:23 UTC] Found 2 listings for user
[24-Mar-2025 06:51:23 UTC] Authenticated user ID: 5
[24-Mar-2025 06:51:23 UTC] Found 2 listings for user
[24-Mar-2025 06:54:40 UTC] Authenticated user ID: 6
[24-Mar-2025 06:54:40 UTC] Found 0 listings for user
[24-Mar-2025 06:54:40 UTC] Authenticated user ID: 6
[24-Mar-2025 06:54:40 UTC] Found 0 listings for user
[24-Mar-2025 06:54:45 UTC] Authenticated user ID: 6
[24-Mar-2025 06:54:45 UTC] Found 0 listings for user
[24-Mar-2025 06:54:45 UTC] Authenticated user ID: 6
[24-Mar-2025 06:54:45 UTC] Found 0 listings for user
[25-Mar-2025 18:04:48 UTC] PHP Fatal error:  Uncaught Error: Class "SQLite3" not found in C:\projects\Project2\Project2\marketplace\src\config.php:4
Stack trace:
#0 C:\projects\Project2\Project2\marketplace\src\get_all_listings.php(30): require_once()
#1 {main}
  thrown in C:\projects\Project2\Project2\marketplace\src\config.php on line 4
[25-Mar-2025 18:04:48 UTC] PHP Fatal error:  Uncaught Error: Class "SQLite3" not found in C:\projects\Project2\Project2\marketplace\src\config.php:4
Stack trace:
#0 C:\projects\Project2\Project2\marketplace\src\get_all_listings.php(30): require_once()
#1 {main}
  thrown in C:\projects\Project2\Project2\marketplace\src\config.php on line 4
[25-Mar-2025 18:05:34 UTC] PHP Fatal error:  Uncaught Error: Class "SQLite3" not found in C:\projects\Project2\Project2\marketplace\src\config.php:4
Stack trace:
#0 C:\projects\Project2\Project2\marketplace\src\signup.php(32): require_once()
#1 {main}
  thrown in C:\projects\Project2\Project2\marketplace\src\config.php on line 4
[25-Mar-2025 18:06:02 UTC] PHP Fatal error:  Uncaught Error: Class "SQLite3" not found in C:\projects\Project2\Project2\marketplace\src\config.php:4
Stack trace:
#0 C:\projects\Project2\Project2\marketplace\src\login.php(37): require_once()
#1 {main}
  thrown in C:\projects\Project2\Project2\marketplace\src\config.php on line 4
[25-Mar-2025 18:06:14 UTC] PHP Fatal error:  Uncaught Error: Class "SQLite3" not found in C:\projects\Project2\Project2\marketplace\src\config.php:4
Stack trace:
#0 C:\projects\Project2\Project2\marketplace\src\signup.php(32): require_once()
#1 {main}
  thrown in C:\projects\Project2\Project2\marketplace\src\config.php on line 4
[25-Mar-2025 18:22:26 UTC] PHP Fatal error:  Uncaught Error: Class "SQLite3" not found in C:\projects\Project2\Project2\marketplace\src\config.php:4
Stack trace:
#0 C:\projects\Project2\Project2\marketplace\src\get_all_listings.php(30): require_once()
#1 {main}
  thrown in C:\projects\Project2\Project2\marketplace\src\config.php on line 4
[25-Mar-2025 18:22:26 UTC] PHP Fatal error:  Uncaught Error: Class "SQLite3" not found in C:\projects\Project2\Project2\marketplace\src\config.php:4
Stack trace:
#0 C:\projects\Project2\Project2\marketplace\src\get_all_listings.php(30): require_once()
#1 {main}
  thrown in C:\projects\Project2\Project2\marketplace\src\config.php on line 4
[25-Mar-2025 18:22:36 UTC] PHP Fatal error:  Uncaught Error: Class "SQLite3" not found in C:\projects\Project2\Project2\marketplace\src\config.php:4
Stack trace:
#0 C:\projects\Project2\Project2\marketplace\src\login.php(37): require_once()
#1 {main}
  thrown in C:\projects\Project2\Project2\marketplace\src\config.php on line 4
[25-Mar-2025 18:34:25 UTC] PHP Fatal error:  Uncaught Error: Class "SQLite3" not found in C:\projects\Project2\Project2\marketplace\src\config.php:4
Stack trace:
#0 C:\projects\Project2\Project2\marketplace\src\get_all_listings.php(30): require_once()
#1 {main}
  thrown in C:\projects\Project2\Project2\marketplace\src\config.php on line 4
[25-Mar-2025 18:34:25 UTC] PHP Fatal error:  Uncaught Error: Class "SQLite3" not found in C:\projects\Project2\Project2\marketplace\src\config.php:4
Stack trace:
#0 C:\projects\Project2\Project2\marketplace\src\get_all_listings.php(30): require_once()
#1 {main}
  thrown in C:\projects\Project2\Project2\marketplace\src\config.php on line 4
[25-Mar-2025 18:34:33 UTC] PHP Fatal error:  Uncaught Error: Class "SQLite3" not found in C:\projects\Project2\Project2\marketplace\src\config.php:4
Stack trace:
#0 C:\projects\Project2\Project2\marketplace\src\login.php(37): require_once()
#1 {main}
  thrown in C:\projects\Project2\Project2\marketplace\src\config.php on line 4
[25-Mar-2025 21:16:33 UTC] Received POST request
[25-Mar-2025 21:16:33 UTC] POST data: Array
(
    [title] => Skateboard
    [price] => 15
    [description] => Used but Worn
)

[25-Mar-2025 21:16:33 UTC] FILES data: Array
(
    [images] => Array
        (
            [name] => Array
                (
                    [0] => Image12.jpg
                )

            [full_path] => Array
                (
                    [0] => Image12.jpg
                )

            [type] => Array
                (
                    [0] => image/jpeg
                )

            [tmp_name] => Array
                (
                    [0] => C:\Users\oscar\AppData\Local\Temp\php73D6.tmp
                )

            [error] => Array
                (
                    [0] => 0
                )

            [size] => Array
                (
                    [0] => 139289
                )

        )

)

[25-Mar-2025 21:16:33 UTC] Database file exists at: C:\projects\Project2\Project2\marketplace/sql/marketplace.db
[25-Mar-2025 21:16:33 UTC] Using listerID: 7
[25-Mar-2025 21:16:33 UTC] Form data received - Title: Skateboard, Price: 15, Description: Used but Worn...
[25-Mar-2025 21:16:33 UTC] Preparing SQL: INSERT INTO listing (listerID, title, description, price, sold) VALUES (:listerID, :title, :description, :price, 0)
[25-Mar-2025 21:16:33 UTC] Created listing with ID: 7
[25-Mar-2025 21:16:33 UTC] Moving uploaded file to: ../img/listings/67e31d313f68c.jpg
[25-Mar-2025 21:16:33 UTC] Successfully saved image: 67e31d313f68c.jpg
[25-Mar-2025 21:16:33 UTC] Successfully created listing with 1 images
[25-Mar-2025 21:16:44 UTC] Authenticated user ID: 7
[25-Mar-2025 21:16:44 UTC] Found 1 listings for user
[25-Mar-2025 21:16:44 UTC] Authenticated user ID: 7
[25-Mar-2025 21:16:44 UTC] Found 1 listings for user
[25-Mar-2025 21:16:48 UTC] Authenticated user ID: 7
[25-Mar-2025 21:16:48 UTC] Found 1 listings for user
[25-Mar-2025 21:16:48 UTC] Authenticated user ID: 7
[25-Mar-2025 21:16:48 UTC] Found 1 listings for user
[25-Mar-2025 21:16:49 UTC] Authenticated user ID: 7
[25-Mar-2025 21:16:49 UTC] Found 1 listings for user
[25-Mar-2025 21:16:49 UTC] Authenticated user ID: 7
[25-Mar-2025 21:16:49 UTC] Found 1 listings for user
[25-Mar-2025 21:16:58 UTC] Authenticated user ID: 7
[25-Mar-2025 21:16:58 UTC] Found 1 listings for user
[25-Mar-2025 21:16:58 UTC] Authenticated user ID: 7
[25-Mar-2025 21:16:58 UTC] Found 1 listings for user
[25-Mar-2025 21:16:58 UTC] Authenticated user ID: 7
[25-Mar-2025 21:16:58 UTC] Found 1 listings for user
[25-Mar-2025 21:16:59 UTC] Authenticated user ID: 7
[25-Mar-2025 21:16:59 UTC] Found 1 listings for user
[26-Mar-2025 02:11:26 UTC] Received POST request
[26-Mar-2025 02:11:26 UTC] POST data: Array
(
    [title] => Pokemon
    [price] => 25
    [description] => Video Games
)

[26-Mar-2025 02:11:26 UTC] FILES data: Array
(
    [images] => Array
        (
            [name] => Array
                (
                    [0] => Image13.jpg
                )

            [full_path] => Array
                (
                    [0] => Image13.jpg
                )

            [type] => Array
                (
                    [0] => image/jpeg
                )

            [tmp_name] => Array
                (
                    [0] => C:\Users\oscar\AppData\Local\Temp\php6FFD.tmp
                )

            [error] => Array
                (
                    [0] => 0
                )

            [size] => Array
                (
                    [0] => 147164
                )

        )

)

[26-Mar-2025 02:11:26 UTC] Database file exists at: C:\projects\Project2\Project2\marketplace/sql/marketplace.db
[26-Mar-2025 02:11:26 UTC] Using listerID: 8
[26-Mar-2025 02:11:26 UTC] Form data received - Title: Pokemon, Price: 25, Description: Video Games...
[26-Mar-2025 02:11:26 UTC] Preparing SQL: INSERT INTO listing (listerID, title, description, price, sold) VALUES (:listerID, :title, :description, :price, 0)
[26-Mar-2025 02:11:26 UTC] Created listing with ID: 8
[26-Mar-2025 02:11:26 UTC] Moving uploaded file to: ../img/listings/67e3624ef3482.jpg
[26-Mar-2025 02:11:27 UTC] Successfully saved image: 67e3624ef3482.jpg
[26-Mar-2025 02:11:27 UTC] Successfully created listing with 1 images
[26-Mar-2025 02:11:37 UTC] Authenticated user ID: 8
[26-Mar-2025 02:11:37 UTC] Found 1 listings for user
[26-Mar-2025 02:11:37 UTC] Authenticated user ID: 8
[26-Mar-2025 02:11:37 UTC] Found 1 listings for user
[26-Mar-2025 07:16:12 UTC] SQL Query: SELECT 
        l.listingID,
        l.title,
        l.description,
        l.price,
        l.category,
        l.location,
        l.sold,
        l.created_at,
        GROUP_CONCAT(i.fullpath) as images
    FROM listing l
    LEFT JOIN images i ON l.listingID = i.listingID
    WHERE l.sold = 0 GROUP BY l.listingID ORDER BY l.created_at DESC
[26-Mar-2025 07:16:12 UTC] PHP Warning:  SQLite3::query(): Unable to prepare statement: no such column: l.category in /Users/henryarinaga/project2/marketplace/src/get_all_listings.php on line 94
[26-Mar-2025 07:16:12 UTC] No category filter applied
[26-Mar-2025 07:16:12 UTC] Get all listings error: Failed to fetch listings: no such column: l.category
[26-Mar-2025 07:16:12 UTC] SQL Query: SELECT 
        l.listingID,
        l.title,
        l.description,
        l.price,
        l.category,
        l.location,
        l.sold,
        l.created_at,
        GROUP_CONCAT(i.fullpath) as images
    FROM listing l
    LEFT JOIN images i ON l.listingID = i.listingID
    WHERE l.sold = 0 GROUP BY l.listingID ORDER BY l.created_at DESC
[26-Mar-2025 07:16:12 UTC] PHP Warning:  SQLite3::query(): Unable to prepare statement: no such column: l.category in /Users/henryarinaga/project2/marketplace/src/get_all_listings.php on line 94
[26-Mar-2025 07:16:12 UTC] No category filter applied
[26-Mar-2025 07:16:12 UTC] Get all listings error: Failed to fetch listings: no such column: l.category
[26-Mar-2025 07:16:50 UTC] Invalid token
[26-Mar-2025 07:16:50 UTC] Invalid token
[26-Mar-2025 07:16:58 UTC] Authenticated user ID: 5
[26-Mar-2025 07:16:58 UTC] Found 2 listings for user
[26-Mar-2025 07:16:58 UTC] Authenticated user ID: 5
[26-Mar-2025 07:16:58 UTC] Found 2 listings for user
[26-Mar-2025 07:17:00 UTC] Authenticated user ID: 5
[26-Mar-2025 07:17:00 UTC] Found 2 listings for user
[26-Mar-2025 07:17:00 UTC] Authenticated user ID: 5
[26-Mar-2025 07:17:00 UTC] Found 2 listings for user
[26-Mar-2025 07:19:34 UTC] Authenticated user ID: 5
[26-Mar-2025 07:19:34 UTC] PHP Warning:  SQLite3::prepare(): Unable to prepare statement: no such column: l.category in /Users/henryarinaga/project2/marketplace/src/get_user_listings.php on line 114
[26-Mar-2025 07:19:34 UTC] Get user listings error: Failed to prepare statement: no such column: l.category
[26-Mar-2025 07:19:34 UTC] Stack trace: #0 {main}
[26-Mar-2025 07:19:34 UTC] Authenticated user ID: 5
[26-Mar-2025 07:19:34 UTC] PHP Warning:  SQLite3::prepare(): Unable to prepare statement: no such column: l.category in /Users/henryarinaga/project2/marketplace/src/get_user_listings.php on line 114
[26-Mar-2025 07:19:34 UTC] Get user listings error: Failed to prepare statement: no such column: l.category
[26-Mar-2025 07:19:34 UTC] Stack trace: #0 {main}
[26-Mar-2025 07:19:38 UTC] Authenticated user ID: 5
[26-Mar-2025 07:19:38 UTC] PHP Warning:  SQLite3::prepare(): Unable to prepare statement: no such column: l.category in /Users/henryarinaga/project2/marketplace/src/get_user_listings.php on line 114
[26-Mar-2025 07:19:38 UTC] Get user listings error: Failed to prepare statement: no such column: l.category
[26-Mar-2025 07:19:38 UTC] Stack trace: #0 {main}
[26-Mar-2025 07:19:38 UTC] Authenticated user ID: 5
[26-Mar-2025 07:19:38 UTC] PHP Warning:  SQLite3::prepare(): Unable to prepare statement: no such column: l.category in /Users/henryarinaga/project2/marketplace/src/get_user_listings.php on line 114
[26-Mar-2025 07:19:38 UTC] Get user listings error: Failed to prepare statement: no such column: l.category
[26-Mar-2025 07:19:38 UTC] Stack trace: #0 {main}
[26-Mar-2025 07:20:57 UTC] SQL Query: SELECT 
        l.listingID,
        l.title,
        l.description,
        l.price,
        l.category,
        l.location,
        l.sold,
        l.created_at,
        GROUP_CONCAT(i.fullpath) as images
    FROM listing l
    LEFT JOIN images i ON l.listingID = i.listingID
    WHERE l.sold = 0 GROUP BY l.listingID ORDER BY l.created_at DESC
[26-Mar-2025 07:20:57 UTC] No category filter applied
[26-Mar-2025 07:20:57 UTC] SQL Query: SELECT 
        l.listingID,
        l.title,
        l.description,
        l.price,
        l.category,
        l.location,
        l.sold,
        l.created_at,
        GROUP_CONCAT(i.fullpath) as images
    FROM listing l
    LEFT JOIN images i ON l.listingID = i.listingID
    WHERE l.sold = 0 GROUP BY l.listingID ORDER BY l.created_at DESC
[26-Mar-2025 07:20:57 UTC] No category filter applied
[26-Mar-2025 07:21:07 UTC] Authenticated user ID: 5
[26-Mar-2025 07:21:07 UTC] Found 2 listings for user
[26-Mar-2025 07:21:07 UTC] Authenticated user ID: 5
[26-Mar-2025 07:21:07 UTC] Found 2 listings for user
[26-Mar-2025 07:21:38 UTC] Received POST request
[26-Mar-2025 07:21:38 UTC] POST data: Array
(
    [title] => test
    [price] => 100
    [description] => test
    [category] => technology
    [location] => CSUB bakersfield
)

[26-Mar-2025 07:21:38 UTC] FILES data: Array
(
)

[26-Mar-2025 07:21:38 UTC] Database file exists at: /Users/henryarinaga/project2/marketplace/sql/marketplace.db
[26-Mar-2025 07:21:38 UTC] Using listerID: 5
[26-Mar-2025 07:21:38 UTC] Form data received - Title: test, Price: 100, Category: technology, Location: CSUB bakersfield, Description: test...
[26-Mar-2025 07:21:38 UTC] Preparing SQL: INSERT INTO listing (listerID, title, description, price, category, location, sold) VALUES (:listerID, :title, :description, :price, :category, :location, 0)
[26-Mar-2025 07:21:38 UTC] Created listing with ID: 9
[26-Mar-2025 07:21:38 UTC] Successfully created listing with 0 images
[26-Mar-2025 07:21:45 UTC] SQL Query: SELECT 
        l.listingID,
        l.title,
        l.description,
        l.price,
        l.category,
        l.location,
        l.sold,
        l.created_at,
        GROUP_CONCAT(i.fullpath) as images
    FROM listing l
    LEFT JOIN images i ON l.listingID = i.listingID
    WHERE l.sold = 0 GROUP BY l.listingID ORDER BY l.created_at DESC
[26-Mar-2025 07:21:45 UTC] No category filter applied
[26-Mar-2025 07:21:45 UTC] SQL Query: SELECT 
        l.listingID,
        l.title,
        l.description,
        l.price,
        l.category,
        l.location,
        l.sold,
        l.created_at,
        GROUP_CONCAT(i.fullpath) as images
    FROM listing l
    LEFT JOIN images i ON l.listingID = i.listingID
    WHERE l.sold = 0 GROUP BY l.listingID ORDER BY l.created_at DESC
[26-Mar-2025 07:21:45 UTC] No category filter applied
[26-Mar-2025 14:48:32 UTC] SQL Query: SELECT 
        l.listingID,
        l.title,
        l.description,
        l.price,
        l.category,
        l.location,
        l.sold,
        l.created_at,
        GROUP_CONCAT(i.fullpath) as images
    FROM listing l
    LEFT JOIN images i ON l.listingID = i.listingID
    WHERE l.sold = 0 GROUP BY l.listingID ORDER BY l.created_at DESC
[26-Mar-2025 14:48:32 UTC] No category filter applied
[26-Mar-2025 14:48:32 UTC] SQL Query: SELECT 
        l.listingID,
        l.title,
        l.description,
        l.price,
        l.category,
        l.location,
        l.sold,
        l.created_at,
        GROUP_CONCAT(i.fullpath) as images
    FROM listing l
    LEFT JOIN images i ON l.listingID = i.listingID
    WHERE l.sold = 0 GROUP BY l.listingID ORDER BY l.created_at DESC
[26-Mar-2025 14:48:32 UTC] No category filter applied
[26-Mar-2025 14:59:52 UTC] SQL Query: SELECT 
        l.listingID,
        l.title,
        l.description,
        l.price,
        l.category,
        l.location,
        l.sold,
        l.created_at,
        GROUP_CONCAT(i.fullpath) as images
    FROM listing l
    LEFT JOIN images i ON l.listingID = i.listingID
    WHERE l.sold = 0 GROUP BY l.listingID ORDER BY l.created_at DESC
[26-Mar-2025 14:59:52 UTC] No category filter applied
[26-Mar-2025 14:59:52 UTC] SQL Query: SELECT 
        l.listingID,
        l.title,
        l.description,
        l.price,
        l.category,
        l.location,
        l.sold,
        l.created_at,
        GROUP_CONCAT(i.fullpath) as images
    FROM listing l
    LEFT JOIN images i ON l.listingID = i.listingID
    WHERE l.sold = 0 GROUP BY l.listingID ORDER BY l.created_at DESC
[26-Mar-2025 14:59:52 UTC] No category filter applied
[26-Mar-2025 15:03:42 UTC] SQL Query: SELECT 
        l.listingID,
        l.title,
        l.description,
        l.price,
        l.category,
        l.location,
        l.sold,
        l.created_at,
        GROUP_CONCAT(i.fullpath) as images
    FROM listing l
    LEFT JOIN images i ON l.listingID = i.listingID
    WHERE l.sold = 0 GROUP BY l.listingID ORDER BY l.created_at DESC
[26-Mar-2025 15:03:42 UTC] No category filter applied
[26-Mar-2025 15:03:42 UTC] SQL Query: SELECT 
        l.listingID,
        l.title,
        l.description,
        l.price,
        l.category,
        l.location,
        l.sold,
        l.created_at,
        GROUP_CONCAT(i.fullpath) as images
    FROM listing l
    LEFT JOIN images i ON l.listingID = i.listingID
    WHERE l.sold = 0 GROUP BY l.listingID ORDER BY l.created_at DESC
[26-Mar-2025 15:03:42 UTC] No category filter applied
[26-Mar-2025 15:14:45 UTC] Authenticated user ID: 2
[26-Mar-2025 15:14:45 UTC] Found 0 listings for user
[26-Mar-2025 15:14:45 UTC] Authenticated user ID: 2
[26-Mar-2025 15:14:45 UTC] Found 0 listings for user
[26-Mar-2025 15:17:17 UTC] SQL Query: SELECT 
        l.listingID,
        l.title,
        l.description,
        l.price,
        l.category,
        l.location,
        l.sold,
        l.created_at,
        GROUP_CONCAT(i.fullpath) as images
    FROM listing l
    LEFT JOIN images i ON l.listingID = i.listingID
    WHERE l.sold = 0 GROUP BY l.listingID ORDER BY l.created_at DESC
[26-Mar-2025 15:17:17 UTC] No category filter applied
[26-Mar-2025 15:17:17 UTC] SQL Query: SELECT 
        l.listingID,
        l.title,
        l.description,
        l.price,
        l.category,
        l.location,
        l.sold,
        l.created_at,
        GROUP_CONCAT(i.fullpath) as images
    FROM listing l
    LEFT JOIN images i ON l.listingID = i.listingID
    WHERE l.sold = 0 GROUP BY l.listingID ORDER BY l.created_at DESC
[26-Mar-2025 15:17:17 UTC] No category filter applied
[26-Mar-2025 15:21:15 UTC] Authenticated user ID: 2
[26-Mar-2025 15:21:15 UTC] Found 0 listings for user
[26-Mar-2025 15:21:15 UTC] Authenticated user ID: 2
[26-Mar-2025 15:21:15 UTC] Found 0 listings for user
[26-Mar-2025 15:21:57 UTC] Received POST request
[26-Mar-2025 15:21:57 UTC] POST data: Array
(
    [title] => Skateboard
    [price] => 25
    [description] => Used
    [category] => other
    [location] => Cal State Bakersfield University
)

[26-Mar-2025 15:21:57 UTC] FILES data: Array
(
    [images] => Array
        (
            [name] => Array
                (
                    [0] => Image12.jpg
                )

            [full_path] => Array
                (
                    [0] => Image12.jpg
                )

            [type] => Array
                (
                    [0] => image/jpeg
                )

            [tmp_name] => Array
                (
                    [0] => C:\Users\oscar\AppData\Local\Temp\php2CE7.tmp
                )

            [error] => Array
                (
                    [0] => 0
                )

            [size] => Array
                (
                    [0] => 139289
                )

        )

)

[26-Mar-2025 15:21:57 UTC] Database file exists at: C:\projects\Project2\Project2\marketplace/sql/marketplace.db
[26-Mar-2025 15:21:57 UTC] Using listerID: 2
[26-Mar-2025 15:21:57 UTC] Form data received - Title: Skateboard, Price: 25, Category: other, Location: Cal State Bakersfield University, Description: Used...
[26-Mar-2025 15:21:57 UTC] Preparing SQL: INSERT INTO listing (listerID, title, description, price, category, location, sold) VALUES (:listerID, :title, :description, :price, :category, :location, 0)
[26-Mar-2025 15:21:57 UTC] Created listing with ID: 1
[26-Mar-2025 15:21:57 UTC] Moving uploaded file to: ../img/listings/67e41b95dd91b.jpg
[26-Mar-2025 15:21:57 UTC] Successfully saved image: 67e41b95dd91b.jpg
[26-Mar-2025 15:21:57 UTC] Successfully created listing with 1 images
[26-Mar-2025 15:22:03 UTC] Authenticated user ID: 2
[26-Mar-2025 15:22:03 UTC] Found 1 listings for user
[26-Mar-2025 15:22:03 UTC] Authenticated user ID: 2
[26-Mar-2025 15:22:03 UTC] Found 1 listings for user
[26-Mar-2025 15:22:44 UTC] Authenticated user ID: 2
[26-Mar-2025 15:22:44 UTC] Found 1 listings for user
[26-Mar-2025 15:22:44 UTC] Authenticated user ID: 2
[26-Mar-2025 15:22:44 UTC] Found 1 listings for user
[26-Mar-2025 15:30:08 UTC] Authenticated user ID: 2
[26-Mar-2025 15:30:08 UTC] Found 1 listings for user
[26-Mar-2025 15:30:08 UTC] Authenticated user ID: 2
[26-Mar-2025 15:30:08 UTC] Found 1 listings for user
[26-Mar-2025 15:30:50 UTC] SQL Query: SELECT 
        l.listingID,
        l.title,
        l.description,
        l.price,
        l.category,
        l.location,
        l.sold,
        l.created_at,
        GROUP_CONCAT(i.fullpath) as images
    FROM listing l
    LEFT JOIN images i ON l.listingID = i.listingID
    WHERE l.sold = 0 GROUP BY l.listingID ORDER BY l.created_at DESC
[26-Mar-2025 15:30:50 UTC] No category filter applied
[26-Mar-2025 15:30:50 UTC] SQL Query: SELECT 
        l.listingID,
        l.title,
        l.description,
        l.price,
        l.category,
        l.location,
        l.sold,
        l.created_at,
        GROUP_CONCAT(i.fullpath) as images
    FROM listing l
    LEFT JOIN images i ON l.listingID = i.listingID
    WHERE l.sold = 0 GROUP BY l.listingID ORDER BY l.created_at DESC
[26-Mar-2025 15:30:50 UTC] No category filter applied
[26-Mar-2025 15:34:54 UTC] SQL Query: SELECT 
        l.listingID,
        l.title,
        l.description,
        l.price,
        l.category,
        l.location,
        l.sold,
        l.created_at,
        GROUP_CONCAT(i.fullpath) as images
    FROM listing l
    LEFT JOIN images i ON l.listingID = i.listingID
    WHERE l.sold = 0 GROUP BY l.listingID ORDER BY l.created_at DESC
[26-Mar-2025 15:34:54 UTC] No category filter applied
[26-Mar-2025 15:34:54 UTC] SQL Query: SELECT 
        l.listingID,
        l.title,
        l.description,
        l.price,
        l.category,
        l.location,
        l.sold,
        l.created_at,
        GROUP_CONCAT(i.fullpath) as images
    FROM listing l
    LEFT JOIN images i ON l.listingID = i.listingID
    WHERE l.sold = 0 GROUP BY l.listingID ORDER BY l.created_at DESC
[26-Mar-2025 15:34:54 UTC] No category filter applied
